FORBIDDEN: Only simple GET and HEAD operation supported:POST /index%20l.html HTTP/1.1
Host: localhost:8888
Connection: keep-alive
Content-Length: 0
User-Agent: Mozilla/5.0 (X11; Linux x86_64) AppleWebKit/537.36 (KHTML, like Gecko) Chrome/45.0.2454.85 Safari/537.36
Cache-Control: no-cache
Origin: chrome-extension://fdmmgilgnpjigdojojpjoooidkmcomcm
Accept: */*
Accept-Encoding: gzip, deflate
Accept-Language: en-US,en;q=0.8,sl;q=0.6


FORBIDDEN: Only simple GET and HEAD operation supported:POST /index%20l.html HTTP/1.1
Host: localhost:8888
Connection: keep-alive
Content-Length: 0
User-Agent: Mozilla/5.0 (X11; Linux x86_64) AppleWebKit/537.36 (KHTML, like Gecko) Chrome/45.0.2454.85 Safari/537.36
Cache-Control: no-cache
Origin: chrome-extension://fdmmgilgnpjigdojojpjoooidkmcomcm
Accept: */*
Accept-Encoding: gzip, deflate
Accept-Language: en-US,en;q=0.8,sl;q=0.6


FORBIDDEN: Only simple GET and HEAD operation supported:ÿôÿýindex.html 

FORBIDDEN: Only simple GET and HEAD operation supported:
			httpReq.httpVersion[i++]='\0'; //end of string
			printf("URI: %s\n",httpReq.uri);
			printf("HTTP version: %s\n",httpReq.httpVersion);
			for (i=0; *p != ' ' && *p != '\r'; p++)
			{
				httpReq.httpVersion[i++]=*p;
			}
			
			printf("%.*s", read_size, httpReq.message);
			char *statusLine=httpRes.statusCode;

